<?xml version="1.0" encoding="UTF-8"?>
<testsuite name="com.aor.numbers.ListAggregatorTest" tests="6" skipped="0" failures="0" errors="0" timestamp="2022-10-18T09:20:32" hostname="DESKTOP-Q9MVK7C" time="0.12">
  <properties/>
  <testcase name="max_bug_7263()" classname="com.aor.numbers.ListAggregatorTest" time="0.076"/>
  <testcase name="max()" classname="com.aor.numbers.ListAggregatorTest" time="0.004"/>
  <testcase name="min()" classname="com.aor.numbers.ListAggregatorTest" time="0.006"/>
  <testcase name="sum()" classname="com.aor.numbers.ListAggregatorTest" time="0.003"/>
  <testcase name="distinct()" classname="com.aor.numbers.ListAggregatorTest" time="0.007"/>
  <testcase name="distinct2()" classname="com.aor.numbers.ListAggregatorTest" time="0.007"/>
  <system-out><![CDATA[{1,2,4,2,5,}
{1,2,4,2,5,}
{1,2,4,2,5,}
{1,2,4,2,5,}
{1,2,4,2,5,}
{1,2,4,2,5,}
]]></system-out>
  <system-err><![CDATA[]]></system-err>
</testsuite>
