<?xml version="1.0" encoding="UTF-8"?>
<testsuite name="com.aor.numbers.ListSorterTest" tests="1" skipped="0" failures="0" errors="0" timestamp="2022-10-18T09:20:32" hostname="DESKTOP-Q9MVK7C" time="0.003">
  <properties/>
  <testcase name="sort()" classname="com.aor.numbers.ListSorterTest" time="0.003"/>
  <system-out><![CDATA[]]></system-out>
  <system-err><![CDATA[]]></system-err>
</testsuite>
